#!/bin/sh
# dorc probe (read-only): checks per-SITE convergence, mutates nothing.
# When run, emits one results-record per site on stdout (the return channel):
#   site <leafid> effect=<holds|absent|cant-tell> rc=<n>
# effect is derived from the probe command's rc (0=holds, 1=absent, else cant-tell);
# rc is the raw PROBE-command status (opaque to Dorc — the record is the out-of-band lane).

# site 1: pkgstate:nginx#installed
pkgstate_installed__check() { dpkg -s "$1" >/dev/null 2>&1; }
pkgstate_installed__check 'nginx'; _rc=$?; if [ "$_rc" -eq 0 ]; then _e=holds; elif [ "$_rc" -eq 1 ]; then _e=absent; else _e=cant-tell; fi; printf 'site 1 effect=%s rc=%s\n' "$_e" "$_rc"
# site:0 skip-unresolvable
# site:2 skip-unresolvable
# site:3 skip-unresolvable
#!/bin/sh
# dorc apply: the book, with already-converged/dead lines elided (value-preserving stand-in).

# door1-cascade-block-elides (door-1 PAYOFF, charter 20V §4 / note 215): the
# probe-observed Query rc folds its guarded BLOCK whole. `dpkg -s nginx` is a read-only
# pkgstate Query whose OWN probed rc (0 = nginx installed) is fold-usable (rule-query-
# validity passes — NOTHING mutates upstream of the guard, only `set -e`, target-state-pure).
# The guard holds (rc 0) ⇒ the `|| { … }` branch is DEAD control-flow ⇒ the WHOLE brace
# group folds: the sed AND the systemctl restart elide as unreachable, each needing NO
# rc-provenance of its OWN (they are dead, not vouched-for). This is the Ansible
# handler/notify semantic falling out of plain control-flow analysis.
#
# CRITICAL distinction (TODO.md R2-CHANGEDELTA): this is NOT the run-delta/notify-handler
# class (restart-iff-changed, un-probeable, never elidable via a state-probe). Here the
# restart elides because the BRANCH IS DEAD — the guard proved it unreachable — NOT because
# any state-probe vouched for the restart. The diverged pole (door1-cascade-diverged-runs)
# makes that visible: guard fails ⇒ the WHOLE block runs, restart included.
#
# The guard substitutes to its exact stand-in `true` (rc 0, the probe-sourced Query value);
# the block leaves omit to `:` (the omit-safety gate — controller `dpkg -s` is neutralised).
# Renders `true || { :; :; }`, dash-clean, UNDER errexit, run-set EMPTY. HOST: nginx
# installed (the guard holds).
set -e
true || { :; :; }   # dorc: elided [dpkg -s nginx >/dev/null 2>&1; sed -i 's/^.*PermitRootLogin.*/PermitRootLogin no/' /etc/ssh/sshd_config; systemctl restart sshd] (already converged / dead branch)
