#!/bin/sh
# dorc probe (read-only): checks per-SITE convergence, mutates nothing.
# When run, emits one results-record per site on stdout (the return channel):
#   site <leafid> effect=<holds|absent|cant-tell> rc=<n>
# effect is derived from the probe command's rc (0=holds, 1=absent, else cant-tell);
# rc is the raw PROBE-command status (opaque to Dorc — the record is the out-of-band lane).

# site 1: package:nginx#installed
package_installed__check() { dpkg-query -W "$1" >/dev/null 2>&1; }
package_installed__check 'nginx'; _rc=$?; if [ "$_rc" -eq 0 ]; then _e=holds; elif [ "$_rc" -eq 1 ]; then _e=absent; else _e=cant-tell; fi; printf 'site 1 effect=%s rc=%s\n' "$_e" "$_rc"
# site:0 skip-unresolvable
# site:2 skip-unresolvable
#!/bin/sh
# dorc apply: the book, with already-converged/dead lines elided (value-preserving stand-in).

# door3-or-handler-blocks (door-3 NEGATIVE pole, charter 20V §4 / note 213): `cmd || { …; }`
# is NOT the bare-`true` shape — the rhs is a `Group` whose continuations can DIFFER observably
# (the handler prints/recovers). So the install's rc stays the BLOCKING `StatusRelaxable`, NOT
# door-3's `StatusInvariant`. Composed with ⊤ (`fork-mutator-rc`), the converged install is
# REFUSED a license ⇒ it RUNS, and the handler runs on failure. This is the pole the charter
# demands: only the admin's explicit `|| true` opt-out is door-3; a real handler is load-bearing.
set -e
apt-get install -y nginx || { printf 'recovering\n'; }
