#!/bin/sh
# dorc probe (read-only): checks per-SITE convergence, mutates nothing.
# When run, emits one results-record per site on stdout (the return channel):
#   site <leafid> effect=<holds|absent|cant-tell> rc=<n>
# effect is derived from the probe command's rc (0=holds, 1=absent, else cant-tell);
# rc is the raw PROBE-command status (opaque to Dorc — the record is the out-of-band lane).

# site 1: package:nginx#installed
package_installed__check() { dpkg-query -W "$1" >/dev/null 2>&1; }
package_installed__check 'nginx'; _rc=$?; if [ "$_rc" -eq 0 ]; then _e=holds; elif [ "$_rc" -eq 1 ]; then _e=absent; else _e=cant-tell; fi; printf 'site 1 effect=%s rc=%s\n' "$_e" "$_rc"
# site:0 skip-unresolvable
# site:2 skip-unresolvable
#!/bin/sh
# dorc apply: the book, with already-converged/dead lines elided (value-preserving stand-in).

# door3-or-true-elides (door-3 PAYOFF, charter 20V §4 / notes 213+214): `cmd || true` under
# `set -e`, CONVERGED. The install's rc is consumed by `|| true` ⇒ `StatusInvariant` (never
# blocks), so the convergence-elision license MINTS even though the mutator's rc is ⊤
# (`fork-mutator-rc`). The mutator is REPLACED by its stand-in `true` (licensed by INVARIANCE —
# both `||` continuations rejoin identically — not by a claim it exits 0).
#
# arch-1 PAYOFF LANDED (note 214; was XFAIL until the leaf-exact render arrived): the
# leaf-exact (span-based) apply render substitutes the install's exact byte-span with `true`
# in-situ, leaving the `|| true` verbatim ⇒ the line becomes `true || true`, dash-clean, with
# an EMPTY run-set (nothing mutating runs). The line-granular render could not express this
# (the `true` Run leaf forced the whole line verbatim, so the install ran). The mutator's span
# is substituted (Replace, the door-3 StatusInvariant license); the `true` rhs is verbatim
# (NOT a spurious fold — note 213 §5 hunt-6).
set -e
true || true   # dorc: elided [apt-get install -y nginx] (already converged / dead branch)
