#!/bin/sh
# dorc probe (read-only): checks per-SITE convergence, mutates nothing.
# When run, emits one results-record per site on stdout (the return channel):
#   site <leafid> effect=<holds|absent|cant-tell> rc=<n>
# effect is derived from the probe command's rc (0=holds, 1=absent, else cant-tell);
# rc is the raw PROBE-command status (opaque to Dorc — the record is the out-of-band lane).

# site 0.0: package:nginx#installed
package_installed__check() { dpkg-query -W "$1" >/dev/null 2>&1; }
package_installed__check 'nginx'; _rc=$?; if [ "$_rc" -eq 0 ]; then _e=holds; elif [ "$_rc" -eq 1 ]; then _e=absent; else _e=cant-tell; fi; printf 'site 0.0 effect=%s rc=%s\n' "$_e" "$_rc"
# site:1 skip-unresolvable
#!/bin/sh
# dorc apply: the book, with already-converged/dead lines elided (value-preserving stand-in).

# inline21-recursion-rejects (arch-2, `i-1` — the recursion exclusion): a self-calling helper.
# The OUTER `helper` call inlines, but the inner `helper` inside the body is direct RECURSION
# ⇒ ⊤-rejected (a loud `cfg-inline-refused` diagnostic naming the cycle); it stays an ordinary
# unmodeled command (Opaque). That Opaque is a body site that the all-or-nothing CALL license
# refuses ⇒ the outer `helper` call RUNS (verbatim). The Opaque also POISONS downstream: the
# `apt-get install -y curl` below reads Written (a ⊤ reached it through the spliced body) ⇒ it
# runs too (the poison stays — nothing downstream wrongly elides). Analysis-only (no mocks): a
# self-calling function infinite-loops at runtime, so it is never executed — the pins are the
# verbatim apply render + the refusal diagnostic + the curl-poison.
helper() { apt-get install -y nginx; helper; }
helper
apt-get install -y curl
