#!/bin/sh
# dorc probe (read-only): checks per-SITE convergence, mutates nothing.
# When run, emits one results-record per site on stdout (the return channel):
#   site <leafid> effect=<holds|absent|cant-tell> rc=<n>
# effect is derived from the probe command's rc (0=holds, 1=absent, else cant-tell);
# rc is the raw PROBE-command status (opaque to Dorc — the record is the out-of-band lane).

# site 0: package:a
b#installed
package_installed__check() { dpkg-query -W "$1" >/dev/null 2>&1; }
package_installed__check 'a
b'; _rc=$?; if [ "$_rc" -eq 0 ]; then _e=holds; elif [ "$_rc" -eq 1 ]; then _e=absent; else _e=cant-tell; fi; printf 'site 0 effect=%s rc=%s\n' "$_e" "$_rc"
# site 1: package:c
d#installed
package_installed__check 'c
d'; _rc=$?; if [ "$_rc" -eq 0 ]; then _e=holds; elif [ "$_rc" -eq 1 ]; then _e=absent; else _e=cant-tell; fi; printf 'site 1 effect=%s rc=%s\n' "$_e" "$_rc"
#!/bin/sh
# dorc apply: the book, with already-converged/dead lines elided (value-preserving stand-in).

# render21-adjacent-multiline-elides (P1 fix 21E, note 214 §9 hunt-7): two ADJACENT elidable
# MULTI-LINE leaves. Each `apt-get install` operand carries a LITERAL NEWLINE, and the two are
# `;`-separated so the SECOND install STARTS on the FIRST's closing line. Both converge ⇒ both
# substitute to `true`. The pre-fix render keyed edits by their lone START line and the line-walk
# jumped over the first edit's CONSUMED span — ORPHANING the second leaf (it survived
# half-spliced, `apt-get install -y "c`, with the provenance comment landing inside the open
# quote). dash-n-clean BY COINCIDENCE here (the quotes happened to balance), but the second
# install RAN under argv-echo mocks — a silent over-execute. The group-splice fix collapses both
# leaves onto one rendered line (`true; true`) with a combined disclosure, run-set EMPTY.
true; true   # dorc: elided [apt-get install -y "a b"; apt-get install -y "c d"] (already converged / dead branch)
