#!/bin/sh
# dorc probe (read-only): checks per-SITE convergence, mutates nothing.
# When run, emits one results-record per site on stdout (the return channel):
#   site <leafid> effect=<holds|absent|cant-tell> rc=<n>
# effect is derived from the probe command's rc (0=holds, 1=absent, else cant-tell);
# rc is the raw PROBE-command status (opaque to Dorc — the record is the out-of-band lane).

# site 1: pkgstate:nginx#installed
pkgstate_installed__check() { dpkg -s "$1" >/dev/null 2>&1; }
pkgstate_installed__check 'nginx'; _rc=$?; if [ "$_rc" -eq 0 ]; then _e=holds; elif [ "$_rc" -eq 1 ]; then _e=absent; else _e=cant-tell; fi; printf 'site 1 effect=%s rc=%s\n' "$_e" "$_rc"
# site 2: package:nginx#installed
package_installed__check() { dpkg-query -W "$1" >/dev/null 2>&1; }
package_installed__check 'nginx'; _rc=$?; if [ "$_rc" -eq 0 ]; then _e=holds; elif [ "$_rc" -eq 1 ]; then _e=absent; else _e=cant-tell; fi; printf 'site 2 effect=%s rc=%s\n' "$_e" "$_rc"
# site:0 skip-unresolvable
#!/bin/sh
# dorc apply: the book, with already-converged/dead lines elided (value-preserving stand-in).

# render21-if-guard-query-elides (arch-1, note 214 — the if-guard elision POLE A): an `if`
# guard that is a converged, KNOWN-rc read-only Query now ELIDES, because the leaf-exact
# render can substitute a guard's byte-span in-situ (`if ! true; then`) — the round-21
# `StatusRenderFloor` block (which floored every if/elif guard) is retired, and the guard
# joins `StatusRelaxable` (a known rc reproduces its branch decision).
#
# HOST: nginx installed (the guard holds, rc 0). The guard `dpkg -s nginx` is a VALID Query
# (only `set -e`, target-state-pure, is upstream) ⇒ it value-substitutes to its probed rc
# `true`; the `!` makes the if-condition FALSE ⇒ the fold proves the then-body install DEAD
# ⇒ it is omitted (substituted `:`, its controller — the substituted guard — is neutralised).
# The whole construct collapses to `if ! true; then :; fi`, dash-clean, EMPTY run-set. This is
# the if-guard analogue of the `||`-guard fold (exec-shimmed-query-fold), unlocked by arch-1.
# (Contrast the ⊤-rc anti-pole render21-if-guard-toprc-runs: a mutator-as-guard RUNS.)
set -e
if ! true   # dorc: elided [dpkg -s nginx >/dev/null 2>&1] (already converged / dead branch)
then
   :   # dorc: elided [apt-get install -y nginx] (already converged / dead branch)
fi
