#!/bin/sh
# dorc probe (read-only): checks per-SITE convergence, mutates nothing.
# When run, emits one results-record per site on stdout (the return channel):
#   site <leafid> effect=<holds|absent|cant-tell> rc=<n>
# effect is derived from the probe command's rc (0=holds, 1=absent, else cant-tell);
# rc is the raw PROBE-command status (opaque to Dorc — the record is the out-of-band lane).

# site 0: package:nginx#installed
package_installed__check() { dpkg-query -W "$1" >/dev/null 2>&1; }
package_installed__check 'nginx'; _rc=$?; if [ "$_rc" -eq 0 ]; then _e=holds; elif [ "$_rc" -eq 1 ]; then _e=absent; else _e=cant-tell; fi; printf 'site 0 effect=%s rc=%s\n' "$_e" "$_rc"
# site:1 skip-unresolvable
#!/bin/sh
# dorc apply: the book, with already-converged/dead lines elided (value-preserving stand-in).

# partial-top-argv-runs (19I floor / 20B §3 boundary strawman): an install whose OPERAND
# is an unset/dynamic expansion (`"$UNSET_VAR"`) has a ⊤ argument — the engine cannot
# resolve it to an entity, so the site is UNRESOLVABLE (no probe, no cell) and the install
# runs VERBATIM (kFAIL-perform). It is not even a resolvable probe SITE (it emits no record),
# so there is no convergence fact that could ever license eliding it — a tempting "it's
# converged" can never wrongly elide an install whose target dorc cannot name.
# The contrast: the FIRST install (nginx, fully resolved + converged) DOES elide to `true`.
true   # dorc: elided [apt-get install -y nginx] (already converged / dead branch)
apt-get install -y "$UNSET_VAR"
