#!/bin/sh
# dorc probe (read-only): checks per-SITE convergence, mutates nothing.
# When run, emits one results-record per site on stdout (the return channel):
#   site <leafid> effect=<holds|absent|cant-tell> rc=<n>
# effect is derived from the probe command's rc (0=holds, 1=absent, else cant-tell);
# rc is the raw PROBE-command status (opaque to Dorc — the record is the out-of-band lane).

# site 1: pkgstate:nginx#installed
pkgstate_installed__check() { dpkg -s "$1" >/dev/null 2>&1; }
pkgstate_installed__check 'nginx'; _rc=$?; if [ "$_rc" -eq 0 ]; then _e=holds; elif [ "$_rc" -eq 1 ]; then _e=absent; else _e=cant-tell; fi; printf 'site 1 effect=%s rc=%s\n' "$_e" "$_rc"
# site:0 skip-unresolvable
# site:2 skip-unresolvable
#!/bin/sh
# dorc apply: the book, with already-converged/dead lines elided (value-preserving stand-in).

# omitsafe21-heredoc-guard-flipped-runs (round-21 f1 — the kFAIL-perform pole of
# omitsafe21-heredoc-guard-keeps-body): SAME book, but the HOST FLIPPED between probe and
# apply (the sanctioned TOCTOU class, simulated): the authored probe says nginx installed
# (rc 0 ⇒ the `||` install is fold-dead, Omit mints), but at apply time nginx is ABSENT
# (mock dpkg exits 1). The render-refused heredoc guard is KEPT — live — so it re-decides:
# rc 1 ⇒ the `||` fires ⇒ the verbatim-kept install RUNS (kFAIL-perform: the live guard
# commands it). Pre-fix the artifact was `dpkg -s nginx <<EOF … || :` — the live guard
# fired into a `:`, silently under-executing the install the guard itself demanded. The
# run-set [dpkg, apt-get] is the pin: a `:`-substituted body logs nothing.
# PROBE_RESULTS=authored: the mocked probe reports the APPLY-time host (absent rc=1),
# intentionally diverging from the authored probe-time fixture (holds rc=0).
set -e
dpkg -s nginx <<EOF >/dev/null 2>&1 || apt-get install -y nginx
omit-safety heredoc payload
EOF
