#!/bin/sh
# dorc probe (read-only): checks per-SITE convergence, mutates nothing.
# When run, emits one results-record per site on stdout (the return channel):
#   site <leafid> effect=<holds|absent|cant-tell> rc=<n>
# effect is derived from the probe command's rc (0=holds, 1=absent, else cant-tell);
# rc is the raw PROBE-command status (opaque to Dorc — the record is the out-of-band lane).

# site:0 skip-unresolvable
# site:1 skip-unresolvable
# site:2 skip-unresolvable
# site:3 skip-unresolvable
#!/bin/sh
# dorc apply: the book, with already-converged/dead lines elided (value-preserving stand-in).

# while-condition-floor (task-L1 item-4b): a `while` loop whose CONDITION's status is
# consumed at the render FLOOR. Under `set -e`:
#   * the condition `dpkg -s nginx` is errexit-EXEMPT (a failing while-condition does NOT
#     abort — so this terminates: the inert `dpkg` shim exits 1 ⇒ 0 iterations) and its
#     status is `StatusRenderFloor`-consumed (a loop condition is not in-situ substitutable,
#     like an `if`-guard) ⇒ it RUNS, never elided;
#   * the body `echo` is in-loop ⇒ floored to run (it is a pure builtin here; the
#     mutator-body errexit-region `StatusRelaxable` + failure-edge is pinned precisely in the
#     analysis unit test `while_condition_is_render_floor_and_errexit_exempt`).
# The post-loop `apt-get install -y curl` is poisoned to run: the in-loop Opaque condition
# propagates Reach::Top across the back-edge and out. Run-set: the condition (1×, false) +
# curl. Nothing elides. (set -e does NOT abort on the false condition — the L1 exemption.)
set -e
while dpkg -s nginx; do echo installing nginx; done
apt-get install -y curl
