#!/bin/sh
# dorc probe (read-only): checks per-SITE convergence, mutates nothing.
# When run, emits one results-record per site on stdout (the return channel):
#   site <leafid> effect=<holds|absent|cant-tell> rc=<n>
# effect is derived from the probe command's rc (0=holds, 1=absent, else cant-tell);
# rc is the raw PROBE-command status (opaque to Dorc — the record is the out-of-band lane).

# site:0 skip-unresolvable
# site:1 skip-unresolvable
#!/bin/sh
# dorc apply: the book, with already-converged/dead lines elided (value-preserving stand-in).

# sourcing-degrades-safely (19I floor / 20B §3 boundary strawman): `. helper.sh` is a
# literal-target source — KEPT (not ⊤-rejected, unlike a DYNAMIC `. "$f"`), but UNMODELED:
# dorc cannot see what the sourced file does, so it is an OPAQUE command (a write-or-unknown
# that poisons downstream ambient-ness). The install BELOW it therefore runs VERBATIM despite
# the fixture reporting it converged (the bait) — the SAFE degrade (kFAIL-perform): an opaque
# effect never silently licenses a downstream elision. (helper.sh is shipped in mocks/ so the
# no-slash `.` finds it via PATH at exec time; it sources to a harmless no-op.) The run-set
# proves the install runs.
. helper.sh
apt-get install -y nginx
