#!/bin/sh
# dorc probe (read-only): checks per-SITE convergence, mutates nothing.
# When run, emits one results-record per site on stdout (the return channel):
#   site <leafid> effect=<holds|absent|cant-tell> rc=<n>
# effect is derived from the probe command's rc (0=holds, 1=absent, else cant-tell);
# rc is the raw PROBE-command status (opaque to Dorc — the record is the out-of-band lane).

# site 1: pkgstate:nginx#installed
pkgstate_installed__check() { dpkg -s "$1" >/dev/null 2>&1; }
pkgstate_installed__check 'nginx'; _rc=$?; if [ "$_rc" -eq 0 ]; then _e=holds; elif [ "$_rc" -eq 1 ]; then _e=absent; else _e=cant-tell; fi; printf 'site 1 effect=%s rc=%s\n' "$_e" "$_rc"
# site:0 skip-unresolvable
# site:2 skip-unresolvable
#!/bin/sh
# dorc apply: the book, with already-converged/dead lines elided (value-preserving stand-in).

# omitsafe21-heredoc-guard-keeps-body (round-21 f1 — omit-safety x render-refusal): a
# HEREDOC-bearing, valid, known-rc pkgstate Query guard folds its `||` body dead (the
# disposition layer mints Replace(QueryGuard) for the guard and Omit for the install —
# license-time never consults the render's refuse-set), but the leaf-exact render REFUSES
# the guard's own edit (d-6: its span covers `<<EOF`, not the body lines) ⇒ the guard is
# physically KEPT — live, re-deciding at apply time. `is_neutralised` therefore must NOT
# count the refused controller as neutralised, and the fold-dead install stays VERBATIM
# behind it (pre-fix this rendered `dpkg -s nginx <<EOF … || :` — a live guard over an
# omitted body, exactly what the omit-safety gate forbids). The artifact is the verbatim
# book; the only loud trace is the guard's error[render-heredoc-refused]. HOST: nginx
# installed (probe agrees) ⇒ at apply the live guard short-circuits and the kept install
# does NOT run. run-set: the guard alone.
set -e
dpkg -s nginx <<EOF >/dev/null 2>&1 || apt-get install -y nginx
omit-safety heredoc payload
EOF
