#!/bin/sh
# dorc probe (read-only): checks per-SITE convergence, mutates nothing.
# When run, emits one results-record per site on stdout (the return channel):
#   site <leafid> effect=<holds|absent|cant-tell> rc=<n>
# effect is derived from the probe command's rc (0=holds, 1=absent, else cant-tell);
# rc is the raw PROBE-command status (opaque to Dorc — the record is the out-of-band lane).

# site 1: package:nginx#installed
package_installed__check() { dpkg-query -W "$1" >/dev/null 2>&1; }
package_installed__check 'nginx'; _rc=$?; if [ "$_rc" -eq 0 ]; then _e=holds; elif [ "$_rc" -eq 1 ]; then _e=absent; else _e=cant-tell; fi; printf 'site 1 effect=%s rc=%s\n' "$_e" "$_rc"
# site 2: package:curl#installed
package_installed__check 'curl'; _rc=$?; if [ "$_rc" -eq 0 ]; then _e=holds; elif [ "$_rc" -eq 1 ]; then _e=absent; else _e=cant-tell; fi; printf 'site 2 effect=%s rc=%s\n' "$_e" "$_rc"
# site:0 skip-unresolvable
#!/bin/sh
# dorc apply: the book, with already-converged/dead lines elided (value-preserving stand-in).

# exec-errexit-top-status-runs (19A C-3 / 205 §2 — the FLIP of the old
# exec-errexit-elide-vouched): under `set -e` every command's rc is consumed (non-zero
# ⇒ abort), so an errexit-region command is an ordinary status consumer — NOT
# special-cased-as-vouched. The engine marks it the value-relaxable `StatusRelaxable`.
# Composed with `fork-mutator-rc` (a mutator's rc has no sanctioned source ⇒ ⊤), the
# converged `nginx` install can no longer be elided to `true`: a fabricated rc-0 would
# hide the abort a NON-conforming converged establish (one that exits non-zero when
# converged) raises under `set -e`. So it RUNS. The `curl` install is diverged ⇒ runs
# anyway. Both run — the round's headline cost (a known/probe-sourced rc would still
# fold, but a mutator's rc is never known).
set -e
apt-get install -y nginx
apt-get install -y curl
