#!/bin/sh
# dorc probe (read-only): checks per-SITE convergence, mutates nothing.
# When run, emits one results-record per site on stdout (the return channel):
#   site <leafid> effect=<holds|absent|cant-tell> rc=<n>
# effect is derived from the probe command's rc (0=holds, 1=absent, else cant-tell);
# rc is the raw PROBE-command status (opaque to Dorc — the record is the out-of-band lane).

# site 1: package:nginx#installed
package_installed__check() { dpkg-query -W "$1" >/dev/null 2>&1; }
package_installed__check 'nginx'; _rc=$?; if [ "$_rc" -eq 0 ]; then _e=holds; elif [ "$_rc" -eq 1 ]; then _e=absent; else _e=cant-tell; fi; printf 'site 1 effect=%s rc=%s\n' "$_e" "$_rc"
# site:0 skip-unresolvable
# site:2 skip-unresolvable
#!/bin/sh
# dorc apply: the book, with already-converged/dead lines elided (value-preserving stand-in).

# door3-and-true-blocks (door-3 NEGATIVE pole, charter 20V §4 / note 213): door-3 is `||`-only.
# Under `cmd && true`, cmd's FAILURE short-circuits PAST `true` and the LIST rc is cmd's
# non-zero rc — which fires errexit (abort). So the continuations DIFFER (success ⇒ list rc 0,
# `true` runs; failure ⇒ list rc ≠ 0, abort), and the left rc is load-bearing. The install
# keeps the BLOCKING `StatusRelaxable` (the `&&`-left mark), not door-3's `StatusInvariant`.
# Composed with ⊤, the converged install is REFUSED ⇒ it RUNS (`&& true` is not door-3).
set -e
apt-get install -y nginx && true
