#!/bin/sh
# dorc probe (read-only): checks per-SITE convergence, mutates nothing.
# When run, emits one results-record per site on stdout (the return channel):
#   site <leafid> effect=<holds|absent|cant-tell> rc=<n>
# effect is derived from the probe command's rc (0=holds, 1=absent, else cant-tell);
# rc is the raw PROBE-command status (opaque to Dorc — the record is the out-of-band lane).

# site 0.0: package:nginx#installed
package_installed__check() { dpkg-query -W "$1" >/dev/null 2>&1; }
package_installed__check 'nginx'; _rc=$?; if [ "$_rc" -eq 0 ]; then _e=holds; elif [ "$_rc" -eq 1 ]; then _e=absent; else _e=cant-tell; fi; printf 'site 0.0 effect=%s rc=%s\n' "$_e" "$_rc"
# site 1.0: package:curl#installed
package_installed__check 'curl'; _rc=$?; if [ "$_rc" -eq 0 ]; then _e=holds; elif [ "$_rc" -eq 1 ]; then _e=absent; else _e=cant-tell; fi; printf 'site 1.0 effect=%s rc=%s\n' "$_e" "$_rc"
#!/bin/sh
# dorc apply: the book, with already-converged/dead lines elided (value-preserving stand-in).

# inline21-wrapper-diverged-runs (arch-2 — the diverged pole; calls are INDEPENDENT):
# the same one-line wrapper, called twice. nginx is already installed (converged) ⇒ the
# `apt_install nginx` call elides to `true`; curl is NOT installed (diverged) ⇒ the
# `apt_install curl` call RUNS WHOLE (the real body executes — `apt-get install -y curl`).
# The all-or-nothing CALL license is PER CALL: one diverged call running does not affect the
# other converged call's elision. Run-set: `apt-get install -y curl` only.
apt_install() { apt-get install -y "$1" >/dev/null 2>&1; }
true   # dorc: elided [apt_install nginx] (already converged / dead branch)
apt_install curl
