#!/bin/sh
# dorc probe (read-only): checks per-SITE convergence, mutates nothing.
# When run, emits one results-record per site on stdout (the return channel):
#   site <leafid> effect=<holds|absent|cant-tell> rc=<n>
# effect is derived from the probe command's rc (0=holds, 1=absent, else cant-tell);
# rc is the raw PROBE-command status (opaque to Dorc — the record is the out-of-band lane).

# site 1.0: package:nginx#installed
package_installed__check() { dpkg-query -W "$1" >/dev/null 2>&1; }
package_installed__check 'nginx'; _rc=$?; if [ "$_rc" -eq 0 ]; then _e=holds; elif [ "$_rc" -eq 1 ]; then _e=absent; else _e=cant-tell; fi; printf 'site 1.0 effect=%s rc=%s\n' "$_e" "$_rc"
# site 2.0: package:curl#installed
package_installed__check 'curl'; _rc=$?; if [ "$_rc" -eq 0 ]; then _e=holds; elif [ "$_rc" -eq 1 ]; then _e=absent; else _e=cant-tell; fi; printf 'site 2.0 effect=%s rc=%s\n' "$_e" "$_rc"
# site:0 skip-unresolvable
# site:3 skip-unresolvable
#!/bin/sh
# dorc apply: the book, with already-converged/dead lines elided (value-preserving stand-in).

# inline21-errexit-call-composes (arch-2, `i-5` — the errexit composition): a `set -e` book
# with two inlined wrapper calls, both packages converged. The CALL's own rc is ⊤ (a
# mutator-shaped aggregate, fork-mutator-rc), and `set -e` CONSUMES every command's status,
# so the call is StatusRelaxable-consumed. The composition:
#   - bare `apt_install nginx`: consumed ⊤ status BLOCKS the all-or-nothing license ⇒ the call
#     RUNS (the body's `apt-get install -y nginx` executes), even though nginx is converged —
#     the 206 §2 headline cost (a converged mutator under `set -e` runs);
#   - `apt_install curl || true`: door-3 (`20V` §4) marks the `||` left StatusInvariant
#     (consumed-in-form, dead-in-fact — both `||` continuations rejoin identically), which
#     NEVER blocks, so the converged call ELIDES to `true` ⇒ `true || true`.
# This composes for FREE: the errexit marking + door-3 ride the CALL node exactly as they ride
# any single command (`i-5`, zero new special-casing). Run-set: `apt-get install -y nginx` only.
set -e
apt_install() { apt-get install -y "$1" >/dev/null 2>&1; }
apt_install nginx
true || true   # dorc: elided [apt_install curl] (already converged / dead branch)
