#!/bin/sh
# dorc probe (read-only): checks per-SITE convergence, mutates nothing.
# When run, emits one results-record per site on stdout (the return channel):
#   site <leafid> effect=<holds|absent|cant-tell> rc=<n>
# effect is derived from the probe command's rc (0=holds, 1=absent, else cant-tell);
# rc is the raw PROBE-command status (opaque to Dorc — the record is the out-of-band lane).

# site 0: package:nginx#installed
package_installed__check() { dpkg-query -W "$1" >/dev/null 2>&1; }
package_installed__check 'nginx'; _rc=$?; if [ "$_rc" -eq 0 ]; then _e=holds; elif [ "$_rc" -eq 1 ]; then _e=absent; else _e=cant-tell; fi; printf 'site 0 effect=%s rc=%s\n' "$_e" "$_rc"
# site:1 skip-unresolvable
#!/bin/sh
# dorc apply: the book, with already-converged/dead lines elided (value-preserving stand-in).

# render21-if-guard-toprc-runs (arch-1, note 214 — the if-guard elision ANTI-POLE B): an `if`
# guard whose rc is ⊤ RUNS, even converged. The guard `apt-get install -y nginx` is a MUTATOR
# (an establish), so under fork-mutator-rc its rc has no sanctioned source ⇒ ⊤. The if/elif
# guard now consumes `StatusRelaxable` (arch-1 — the render CAN substitute it in-situ), but
# `StatusRelaxable` + a ⊤ rc BLOCKS the license (a fabricated rc-0 `true` would change the
# branch decision — the `kFAIL-perform` floor). So the guard is NOT substituted and RUNS for
# real; the then-body runs after it. This is the pole that proves arch-1's if-guard unlock is
# VALUE-keyed (a known rc elides — render21-if-guard-query-elides; a ⊤ rc runs), not a blanket
# "guards now elide". HOST: nginx installed (the guard's effect is converged, but its rc is ⊤).
if apt-get install -y nginx
then
   echo started
fi
